<?xml version="1.0" encoding="UTF-8"?>
<!-- Generated by org.testng.reporters.JUnitXMLReporter -->
<testsuite hostname="DESK-1989" name="Hired_Functionlity" tests="4" failures="0" timestamp="12 Jul 2017 10:05:11 GMT" time="247.905" errors="0">
  <testcase name="hired1" time="68.288" classname="testcases.A1_Hired_option1_SA"/>
  <testcase name="hired2" time="70.64" classname="testcases.A1_Hired_option2"/>
  <testcase name="hired3" time="57.589" classname="testcases.A1_Hired_option3">
    <skipped/>
  </testcase> <!-- hired3 -->
  <testcase name="hired3" time="48.907" classname="testcases.A1_Hired_option3"/>
</testsuite> <!-- Hired_Functionlity -->
