<?xml version="1.0" encoding="UTF-8"?>
<!-- Generated by org.testng.reporters.JUnitXMLReporter -->
<testsuite hostname="DESK-1989" name="JobDone_Functionlity" tests="4" failures="0" timestamp="7 Jul 2017 08:50:25 GMT" time="210.142" errors="0">
  <testcase name="JobDone1" time="46.164" classname="testcases.A2_Jobdone_option1"/>
  <testcase name="JobDone2" time="73.488" classname="testcases.A2_Jobdone_option2"/>
  <testcase name="JobDone3" time="43.301" classname="testcases.A2_Jobdone_option3"/>
  <testcase name="JobDone4" time="43.697" classname="testcases.A2_Jobdone_option4"/>
</testsuite> <!-- JobDone_Functionlity -->
