<?xml version="1.0" encoding="UTF-8"?>
<!-- Generated by org.testng.reporters.JUnitXMLReporter -->
<testsuite hostname="DESK-1989" name="UpdateStatus_Functionlity" tests="5" failures="0" timestamp="7 Jul 2017 08:53:27 GMT" time="181.965" errors="0">
  <testcase name="Update1" time="33.842" classname="testcases.A3_UpdateStatus_option1"/>
  <testcase name="Update2" time="29.59" classname="testcases.A3_UpdateStatus_option2"/>
  <testcase name="Update3n4" time="31.996" classname="testcases.A3_UpdateStatus_option3rdn4th"/>
  <testcase name="Update5" time="29.837" classname="testcases.A3_UpdateStatus_option5"/>
  <testcase name="Update7n6" time="52.579" classname="testcases.A3_UpdateStatus_option6thn7th"/>
</testsuite> <!-- UpdateStatus_Functionlity -->
