<?xml version="1.0" encoding="UTF-8"?>
<!-- Generated by org.testng.reporters.JUnitXMLReporter -->
<testsuite hostname="AIO-2107" name="Hired_Functionlity(failed)" tests="6" failures="0" timestamp="1 Jun 2017 13:01:08 GMT" time="354.835" errors="0">
  <testcase name="Update1" time="42.104" classname="testcases.A3_UpdateStatus_option1"/>
  <testcase name="JobDone1" time="93.378" classname="testcases.A2_Jobdone_option1">
    <skipped/>
  </testcase> <!-- JobDone1 -->
  <testcase name="JobDone1" time="73.116" classname="testcases.A2_Jobdone_option1"/>
  <testcase name="hired3" time="52.931" classname="testcases.A1_Hired_option3"/>
  <testcase name="hired1" time="43.788" classname="testcases.A1_Hired_option1_SA"/>
  <testcase name="hired2" time="37.443" classname="testcases.A1_Hired_option2"/>
</testsuite> <!-- Hired_Functionlity(failed) -->
