<?xml version="1.0" encoding="UTF-8"?>
<!-- Generated by org.testng.reporters.JUnitXMLReporter -->
<testsuite hostname="AIO-2107" name="JobDone_Functionlity(failed)" tests="8" failures="0" timestamp="1 Jun 2017 13:10:05 GMT" time="536.316" errors="0">
  <testcase name="Update1" time="50.417" classname="testcases.A3_UpdateStatus_option1">
    <skipped/>
  </testcase> <!-- Update1 -->
  <testcase name="Update1" time="69.505" classname="testcases.A3_UpdateStatus_option1"/>
  <testcase name="JobDone1" time="64.841" classname="testcases.A2_Jobdone_option1"/>
  <testcase name="JobDone3" time="95.821" classname="testcases.A2_Jobdone_option3">
    <skipped/>
  </testcase> <!-- JobDone3 -->
  <testcase name="JobDone3" time="62.831" classname="testcases.A2_Jobdone_option3"/>
  <testcase name="hired1" time="51.201" classname="testcases.A1_Hired_option1_SA"/>
  <testcase name="JobDone2" time="65.707" classname="testcases.A2_Jobdone_option2"/>
  <testcase name="JobDone4" time="58.168" classname="testcases.A2_Jobdone_option4"/>
</testsuite> <!-- JobDone_Functionlity(failed) -->
