<?xml version="1.0" encoding="UTF-8"?>
<!-- Generated by org.testng.reporters.JUnitXMLReporter -->
<testsuite hostname="AIO-2107" name="UpdateStatus_Functionlity(failed)" tests="9" failures="0" timestamp="1 Jun 2017 13:18:13 GMT" time="488.121" errors="0">
  <testcase name="Update1" time="37.993" classname="testcases.A3_UpdateStatus_option1"/>
  <testcase name="Update5" time="40.257" classname="testcases.A3_UpdateStatus_option5"/>
  <testcase name="Update7n6" time="64.315" classname="testcases.A3_UpdateStatus_option6thn7th">
    <skipped/>
  </testcase> <!-- Update7n6 -->
  <testcase name="Update7n6" time="65.424" classname="testcases.A3_UpdateStatus_option6thn7th"/>
  <testcase name="JobDone1" time="82.985" classname="testcases.A2_Jobdone_option1"/>
  <testcase name="Update2" time="49.443" classname="testcases.A3_UpdateStatus_option2">
    <skipped/>
  </testcase> <!-- Update2 -->
  <testcase name="Update2" time="32.978" classname="testcases.A3_UpdateStatus_option2"/>
  <testcase name="hired1" time="56.738" classname="testcases.A1_Hired_option1_SA"/>
  <testcase name="Update3n4" time="41.306" classname="testcases.A3_UpdateStatus_option3rdn4th"/>
</testsuite> <!-- UpdateStatus_Functionlity(failed) -->
