<?xml version="1.0" encoding="UTF-8"?>
<testng-results skipped="0" failed="0" total="12" passed="12">
  <reporter-output>
    <line>
      <![CDATA[Lead posted and thank you message is display]]>
    </line>
    <line>
      <![CDATA[LCF to Dashboard navgation is succesful]]>
    </line>
    <line>
      <![CDATA[Hired Option 1 Appointment fixed with share address function is working fine]]>
    </line>
    <line>
      <![CDATA[Lead posted and thank you message is display]]>
    </line>
    <line>
      <![CDATA[LCF to Dashboard navgation is succesful]]>
    </line>
    <line>
      <![CDATA[Hired Option 2 Job done function is working fine]]>
    </line>
    <line>
      <![CDATA[Lead posted and thank you message is display]]>
    </line>
    <line>
      <![CDATA[LCF to Dashboard navgation is succesful]]>
    </line>
    <line>
      <![CDATA[Hired Option 3 Other function is working fine]]>
    </line>
    <line>
      <![CDATA[Lead posted and thank you message is display]]>
    </line>
    <line>
      <![CDATA[LCF to Dashboard navgation is succesful]]>
    </line>
    <line>
      <![CDATA[Hired Option 1 Appointment fixed function is working fine]]>
    </line>
    <line>
      <![CDATA[Job Done Option 1 Job done function is working fine]]>
    </line>
    <line>
      <![CDATA[Lead posted and thank you message is display]]>
    </line>
    <line>
      <![CDATA[LCF to Dashboard navgation is succesful]]>
    </line>
    <line>
      <![CDATA[Hired Option 1 Appointment fixed function is working fine]]>
    </line>
    <line>
      <![CDATA[Job Done Option 2 SP did not turn up function is working fine]]>
    </line>
    <line>
      <![CDATA[Lead posted and thank you message is display]]>
    </line>
    <line>
      <![CDATA[LCF to Dashboard navgation is succesful]]>
    </line>
    <line>
      <![CDATA[Hired Option 1 Appointment fixed function is working fine]]>
    </line>
    <line>
      <![CDATA[Job Done Option 3 SI changed my mind function is working fine]]>
    </line>
    <line>
      <![CDATA[Lead posted and thank you message is display]]>
    </line>
    <line>
      <![CDATA[LCF to Dashboard navgation is succesful]]>
    </line>
    <line>
      <![CDATA[Hired Option 1 Appointment fixed function is working fine]]>
    </line>
    <line>
      <![CDATA[Job Done Option 4 Others function is working fine]]>
    </line>
    <line>
      <![CDATA[Lead posted and thank you message is display]]>
    </line>
    <line>
      <![CDATA[LCF to Dashboard navgation is succesful]]>
    </line>
    <line>
      <![CDATA[Update status Option 1 Appointment fixed function is working fine]]>
    </line>
    <line>
      <![CDATA[Lead posted and thank you message is display]]>
    </line>
    <line>
      <![CDATA[LCF to Dashboard navgation is succesful]]>
    </line>
    <line>
      <![CDATA[Update status Option 2 Job done function is working fine]]>
    </line>
    <line>
      <![CDATA[Lead posted and thank you message is display]]>
    </line>
    <line>
      <![CDATA[LCF to Dashboard navgation is succesful]]>
    </line>
    <line>
      <![CDATA[Update status Option 3 Not received calls function is working fine : true]]>
    </line>
    <line>
      <![CDATA[Update status Option 4 More quote function is working fine]]>
    </line>
    <line>
      <![CDATA[Lead posted and thank you message is display]]>
    </line>
    <line>
      <![CDATA[LCF to Dashboard navgation is succesful]]>
    </line>
    <line>
      <![CDATA[Update status Option 5 Postpond need function is working fine]]>
    </line>
    <line>
      <![CDATA[Lead posted and thank you message is display]]>
    </line>
    <line>
      <![CDATA[LCF to Dashboard navgation is succesful]]>
    </line>
    <line>
      <![CDATA[Update status Option 7 Other function is working fine]]>
    </line>
    <line>
      <![CDATA[Update status Option 6 User cancel need function is working fine]]>
    </line>
  </reporter-output>
  <suite name="Suite" duration-ms="498529" started-at="2017-07-07T08:45:09Z" finished-at="2017-07-07T08:53:27Z">
    <groups>
    </groups>
    <test name="Hired_Functionlity" duration-ms="106271" started-at="2017-07-07T08:45:09Z" finished-at="2017-07-07T08:46:55Z">
      <class name="testcases.A1_Hired_option3">
        <test-method status="PASS" signature="hired3()[pri:0, instance:testcases.A1_Hired_option3@d2cc05a]" name="hired3" duration-ms="25047" started-at="2017-07-07T14:16:29Z" finished-at="2017-07-07T14:16:54Z">
          <reporter-output>
            <line>
              <![CDATA[Lead posted and thank you message is display]]>
            </line>
            <line>
              <![CDATA[LCF to Dashboard navgation is succesful]]>
            </line>
            <line>
              <![CDATA[Hired Option 3 Other function is working fine]]>
            </line>
          </reporter-output>
        </test-method> <!-- hired3 -->
        <test-method status="PASS" signature="teardown(org.testng.ITestResult)[pri:0, instance:testcases.A1_Hired_option3@d2cc05a]" name="teardown" is-config="true" duration-ms="0" started-at="2017-07-07T14:16:54Z" finished-at="2017-07-07T14:16:54Z">
          <params>
            <param index="0">
              <value>
                <![CDATA[[TestResult name=hired3 status=SUCCESS method=A1_Hired_option3.hired3()[pri:0, instance:testcases.A1_Hired_option3@d2cc05a] output=Lead posted and thank you message is display]]]>
              </value>
            </param>
          </params>
          <reporter-output>
          </reporter-output>
        </test-method> <!-- teardown -->
        <test-method status="PASS" signature="close()[pri:0, instance:testcases.A1_Hired_option3@d2cc05a]" name="close" is-config="true" duration-ms="826" started-at="2017-07-07T14:16:54Z" finished-at="2017-07-07T14:16:55Z">
          <reporter-output>
          </reporter-output>
        </test-method> <!-- close -->
      </class> <!-- testcases.A1_Hired_option3 -->
      <class name="testcases.A1_Hired_option2">
        <test-method status="PASS" signature="hired2()[pri:0, instance:testcases.A1_Hired_option2@7dc7cbad]" name="hired2" duration-ms="28707" started-at="2017-07-07T14:16:00Z" finished-at="2017-07-07T14:16:28Z">
          <reporter-output>
            <line>
              <![CDATA[Lead posted and thank you message is display]]>
            </line>
            <line>
              <![CDATA[LCF to Dashboard navgation is succesful]]>
            </line>
            <line>
              <![CDATA[Hired Option 2 Job done function is working fine]]>
            </line>
          </reporter-output>
        </test-method> <!-- hired2 -->
        <test-method status="PASS" signature="teardown(org.testng.ITestResult)[pri:0, instance:testcases.A1_Hired_option2@7dc7cbad]" name="teardown" is-config="true" duration-ms="0" started-at="2017-07-07T14:16:28Z" finished-at="2017-07-07T14:16:28Z">
          <params>
            <param index="0">
              <value>
                <![CDATA[[TestResult name=hired2 status=SUCCESS method=A1_Hired_option2.hired2()[pri:0, instance:testcases.A1_Hired_option2@7dc7cbad] output=Lead posted and thank you message is display]]]>
              </value>
            </param>
          </params>
          <reporter-output>
          </reporter-output>
        </test-method> <!-- teardown -->
        <test-method status="PASS" signature="close()[pri:0, instance:testcases.A1_Hired_option2@7dc7cbad]" name="close" is-config="true" duration-ms="762" started-at="2017-07-07T14:16:28Z" finished-at="2017-07-07T14:16:29Z">
          <reporter-output>
          </reporter-output>
        </test-method> <!-- close -->
      </class> <!-- testcases.A1_Hired_option2 -->
      <class name="testcases.A1_Hired_option1_SA">
        <test-method status="PASS" signature="hired1()[pri:0, instance:testcases.A1_Hired_option1_SA@5419f379]" name="hired1" duration-ms="50073" started-at="2017-07-07T14:15:09Z" finished-at="2017-07-07T14:15:59Z">
          <reporter-output>
            <line>
              <![CDATA[Lead posted and thank you message is display]]>
            </line>
            <line>
              <![CDATA[LCF to Dashboard navgation is succesful]]>
            </line>
            <line>
              <![CDATA[Hired Option 1 Appointment fixed with share address function is working fine]]>
            </line>
          </reporter-output>
        </test-method> <!-- hired1 -->
        <test-method status="PASS" signature="teardown(org.testng.ITestResult)[pri:0, instance:testcases.A1_Hired_option1_SA@5419f379]" name="teardown" is-config="true" duration-ms="1" started-at="2017-07-07T14:15:59Z" finished-at="2017-07-07T14:15:59Z">
          <params>
            <param index="0">
              <value>
                <![CDATA[[TestResult name=hired1 status=SUCCESS method=A1_Hired_option1_SA.hired1()[pri:0, instance:testcases.A1_Hired_option1_SA@5419f379] output=Lead posted and thank you message is display]]]>
              </value>
            </param>
          </params>
          <reporter-output>
          </reporter-output>
        </test-method> <!-- teardown -->
        <test-method status="PASS" signature="close()[pri:0, instance:testcases.A1_Hired_option1_SA@5419f379]" name="close" is-config="true" duration-ms="844" started-at="2017-07-07T14:15:59Z" finished-at="2017-07-07T14:16:00Z">
          <reporter-output>
          </reporter-output>
        </test-method> <!-- close -->
      </class> <!-- testcases.A1_Hired_option1_SA -->
    </test> <!-- Hired_Functionlity -->
    <test name="JobDone_Functionlity" duration-ms="210142" started-at="2017-07-07T08:46:55Z" finished-at="2017-07-07T08:50:25Z">
      <class name="testcases.A2_Jobdone_option1">
        <test-method status="PASS" signature="JobDone1()[pri:0, instance:testcases.A2_Jobdone_option1@26be92ad]" name="JobDone1" duration-ms="46164" started-at="2017-07-07T14:16:55Z" finished-at="2017-07-07T14:17:41Z">
          <reporter-output>
            <line>
              <![CDATA[Lead posted and thank you message is display]]>
            </line>
            <line>
              <![CDATA[LCF to Dashboard navgation is succesful]]>
            </line>
            <line>
              <![CDATA[Hired Option 1 Appointment fixed function is working fine]]>
            </line>
            <line>
              <![CDATA[Job Done Option 1 Job done function is working fine]]>
            </line>
          </reporter-output>
        </test-method> <!-- JobDone1 -->
        <test-method status="PASS" signature="close()[pri:0, instance:testcases.A2_Jobdone_option1@26be92ad]" name="close" is-config="true" duration-ms="1027" started-at="2017-07-07T14:17:41Z" finished-at="2017-07-07T14:17:42Z">
          <reporter-output>
          </reporter-output>
        </test-method> <!-- close -->
        <test-method status="PASS" signature="teardown(org.testng.ITestResult)[pri:0, instance:testcases.A2_Jobdone_option1@26be92ad]" name="teardown" is-config="true" duration-ms="0" started-at="2017-07-07T14:17:41Z" finished-at="2017-07-07T14:17:41Z">
          <params>
            <param index="0">
              <value>
                <![CDATA[[TestResult name=JobDone1 status=SUCCESS method=A2_Jobdone_option1.JobDone1()[pri:0, instance:testcases.A2_Jobdone_option1@26be92ad] output=Lead posted and thank you message is display]]]>
              </value>
            </param>
          </params>
          <reporter-output>
          </reporter-output>
        </test-method> <!-- teardown -->
      </class> <!-- testcases.A2_Jobdone_option1 -->
      <class name="testcases.A2_Jobdone_option4">
        <test-method status="PASS" signature="JobDone4()[pri:0, instance:testcases.A2_Jobdone_option4@14acaea5]" name="JobDone4" duration-ms="43697" started-at="2017-07-07T14:19:41Z" finished-at="2017-07-07T14:20:24Z">
          <reporter-output>
            <line>
              <![CDATA[Lead posted and thank you message is display]]>
            </line>
            <line>
              <![CDATA[LCF to Dashboard navgation is succesful]]>
            </line>
            <line>
              <![CDATA[Hired Option 1 Appointment fixed function is working fine]]>
            </line>
            <line>
              <![CDATA[Job Done Option 4 Others function is working fine]]>
            </line>
          </reporter-output>
        </test-method> <!-- JobDone4 -->
        <test-method status="PASS" signature="teardown(org.testng.ITestResult)[pri:0, instance:testcases.A2_Jobdone_option4@14acaea5]" name="teardown" is-config="true" duration-ms="0" started-at="2017-07-07T14:20:24Z" finished-at="2017-07-07T14:20:24Z">
          <params>
            <param index="0">
              <value>
                <![CDATA[[TestResult name=JobDone4 status=SUCCESS method=A2_Jobdone_option4.JobDone4()[pri:0, instance:testcases.A2_Jobdone_option4@14acaea5] output=Lead posted and thank you message is display]]]>
              </value>
            </param>
          </params>
          <reporter-output>
          </reporter-output>
        </test-method> <!-- teardown -->
        <test-method status="PASS" signature="close()[pri:0, instance:testcases.A2_Jobdone_option4@14acaea5]" name="close" is-config="true" duration-ms="824" started-at="2017-07-07T14:20:24Z" finished-at="2017-07-07T14:20:25Z">
          <reporter-output>
          </reporter-output>
        </test-method> <!-- close -->
      </class> <!-- testcases.A2_Jobdone_option4 -->
      <class name="testcases.A2_Jobdone_option3">
        <test-method status="PASS" signature="JobDone3()[pri:0, instance:testcases.A2_Jobdone_option3@224edc67]" name="JobDone3" duration-ms="43301" started-at="2017-07-07T14:18:56Z" finished-at="2017-07-07T14:19:40Z">
          <reporter-output>
            <line>
              <![CDATA[Lead posted and thank you message is display]]>
            </line>
            <line>
              <![CDATA[LCF to Dashboard navgation is succesful]]>
            </line>
            <line>
              <![CDATA[Hired Option 1 Appointment fixed function is working fine]]>
            </line>
            <line>
              <![CDATA[Job Done Option 3 SI changed my mind function is working fine]]>
            </line>
          </reporter-output>
        </test-method> <!-- JobDone3 -->
        <test-method status="PASS" signature="close()[pri:0, instance:testcases.A2_Jobdone_option3@224edc67]" name="close" is-config="true" duration-ms="812" started-at="2017-07-07T14:19:40Z" finished-at="2017-07-07T14:19:41Z">
          <reporter-output>
          </reporter-output>
        </test-method> <!-- close -->
        <test-method status="PASS" signature="teardown(org.testng.ITestResult)[pri:0, instance:testcases.A2_Jobdone_option3@224edc67]" name="teardown" is-config="true" duration-ms="0" started-at="2017-07-07T14:19:40Z" finished-at="2017-07-07T14:19:40Z">
          <params>
            <param index="0">
              <value>
                <![CDATA[[TestResult name=JobDone3 status=SUCCESS method=A2_Jobdone_option3.JobDone3()[pri:0, instance:testcases.A2_Jobdone_option3@224edc67] output=Lead posted and thank you message is display]]]>
              </value>
            </param>
          </params>
          <reporter-output>
          </reporter-output>
        </test-method> <!-- teardown -->
      </class> <!-- testcases.A2_Jobdone_option3 -->
      <class name="testcases.A2_Jobdone_option2">
        <test-method status="PASS" signature="JobDone2()[pri:0, instance:testcases.A2_Jobdone_option2@4c70fda8]" name="JobDone2" duration-ms="73488" started-at="2017-07-07T14:17:42Z" finished-at="2017-07-07T14:18:56Z">
          <reporter-output>
            <line>
              <![CDATA[Lead posted and thank you message is display]]>
            </line>
            <line>
              <![CDATA[LCF to Dashboard navgation is succesful]]>
            </line>
            <line>
              <![CDATA[Hired Option 1 Appointment fixed function is working fine]]>
            </line>
            <line>
              <![CDATA[Job Done Option 2 SP did not turn up function is working fine]]>
            </line>
          </reporter-output>
        </test-method> <!-- JobDone2 -->
        <test-method status="PASS" signature="close()[pri:0, instance:testcases.A2_Jobdone_option2@4c70fda8]" name="close" is-config="true" duration-ms="825" started-at="2017-07-07T14:18:56Z" finished-at="2017-07-07T14:18:56Z">
          <reporter-output>
          </reporter-output>
        </test-method> <!-- close -->
        <test-method status="PASS" signature="teardown(org.testng.ITestResult)[pri:0, instance:testcases.A2_Jobdone_option2@4c70fda8]" name="teardown" is-config="true" duration-ms="0" started-at="2017-07-07T14:18:56Z" finished-at="2017-07-07T14:18:56Z">
          <params>
            <param index="0">
              <value>
                <![CDATA[[TestResult name=JobDone2 status=SUCCESS method=A2_Jobdone_option2.JobDone2()[pri:0, instance:testcases.A2_Jobdone_option2@4c70fda8] output=Lead posted and thank you message is display]]]>
              </value>
            </param>
          </params>
          <reporter-output>
          </reporter-output>
        </test-method> <!-- teardown -->
      </class> <!-- testcases.A2_Jobdone_option2 -->
    </test> <!-- JobDone_Functionlity -->
    <test name="UpdateStatus_Functionlity" duration-ms="181965" started-at="2017-07-07T08:50:25Z" finished-at="2017-07-07T08:53:27Z">
      <class name="testcases.A3_UpdateStatus_option2">
        <test-method status="PASS" signature="Update2()[pri:0, instance:testcases.A3_UpdateStatus_option2@68c4039c]" name="Update2" duration-ms="29590" started-at="2017-07-07T14:21:00Z" finished-at="2017-07-07T14:21:29Z">
          <reporter-output>
            <line>
              <![CDATA[Lead posted and thank you message is display]]>
            </line>
            <line>
              <![CDATA[LCF to Dashboard navgation is succesful]]>
            </line>
            <line>
              <![CDATA[Update status Option 2 Job done function is working fine]]>
            </line>
          </reporter-output>
        </test-method> <!-- Update2 -->
        <test-method status="PASS" signature="teardown(org.testng.ITestResult)[pri:0, instance:testcases.A3_UpdateStatus_option2@68c4039c]" name="teardown" is-config="true" duration-ms="1" started-at="2017-07-07T14:21:29Z" finished-at="2017-07-07T14:21:29Z">
          <params>
            <param index="0">
              <value>
                <![CDATA[[TestResult name=Update2 status=SUCCESS method=A3_UpdateStatus_option2.Update2()[pri:0, instance:testcases.A3_UpdateStatus_option2@68c4039c] output=Lead posted and thank you message is display]]]>
              </value>
            </param>
          </params>
          <reporter-output>
          </reporter-output>
        </test-method> <!-- teardown -->
        <test-method status="PASS" signature="close()[pri:0, instance:testcases.A3_UpdateStatus_option2@68c4039c]" name="close" is-config="true" duration-ms="905" started-at="2017-07-07T14:21:29Z" finished-at="2017-07-07T14:21:30Z">
          <reporter-output>
          </reporter-output>
        </test-method> <!-- close -->
      </class> <!-- testcases.A3_UpdateStatus_option2 -->
      <class name="testcases.A3_UpdateStatus_option1">
        <test-method status="PASS" signature="beforesuite()[pri:0, instance:testcases.A3_UpdateStatus_option1@3532ec19]" name="beforesuite" is-config="true" duration-ms="365" started-at="2017-07-07T14:15:08Z" finished-at="2017-07-07T14:15:09Z">
          <reporter-output>
          </reporter-output>
        </test-method> <!-- beforesuite -->
        <test-method status="PASS" signature="Update1()[pri:0, instance:testcases.A3_UpdateStatus_option1@3532ec19]" name="Update1" duration-ms="33842" started-at="2017-07-07T14:20:25Z" finished-at="2017-07-07T14:20:59Z">
          <reporter-output>
            <line>
              <![CDATA[Lead posted and thank you message is display]]>
            </line>
            <line>
              <![CDATA[LCF to Dashboard navgation is succesful]]>
            </line>
            <line>
              <![CDATA[Update status Option 1 Appointment fixed function is working fine]]>
            </line>
          </reporter-output>
        </test-method> <!-- Update1 -->
        <test-method status="PASS" signature="close()[pri:0, instance:testcases.A3_UpdateStatus_option1@3532ec19]" name="close" is-config="true" duration-ms="789" started-at="2017-07-07T14:20:59Z" finished-at="2017-07-07T14:21:00Z">
          <reporter-output>
          </reporter-output>
        </test-method> <!-- close -->
        <test-method status="PASS" signature="teardown(org.testng.ITestResult)[pri:0, instance:testcases.A3_UpdateStatus_option1@3532ec19]" name="teardown" is-config="true" duration-ms="0" started-at="2017-07-07T14:20:59Z" finished-at="2017-07-07T14:20:59Z">
          <params>
            <param index="0">
              <value>
                <![CDATA[[TestResult name=Update1 status=SUCCESS method=A3_UpdateStatus_option1.Update1()[pri:0, instance:testcases.A3_UpdateStatus_option1@3532ec19] output=Lead posted and thank you message is display]]]>
              </value>
            </param>
          </params>
          <reporter-output>
          </reporter-output>
        </test-method> <!-- teardown -->
        <test-method status="PASS" signature="aftersuite()[pri:0, instance:testcases.A3_UpdateStatus_option1@3532ec19]" name="aftersuite" is-config="true" duration-ms="347" started-at="2017-07-07T14:23:27Z" finished-at="2017-07-07T14:23:27Z">
          <reporter-output>
          </reporter-output>
        </test-method> <!-- aftersuite -->
      </class> <!-- testcases.A3_UpdateStatus_option1 -->
      <class name="testcases.A3_UpdateStatus_option3rdn4th">
        <test-method status="PASS" signature="Update3n4()[pri:0, instance:testcases.A3_UpdateStatus_option3rdn4th@ae45eb6]" name="Update3n4" duration-ms="31996" started-at="2017-07-07T14:21:30Z" finished-at="2017-07-07T14:22:02Z">
          <reporter-output>
            <line>
              <![CDATA[Lead posted and thank you message is display]]>
            </line>
            <line>
              <![CDATA[LCF to Dashboard navgation is succesful]]>
            </line>
            <line>
              <![CDATA[Update status Option 3 Not received calls function is working fine : true]]>
            </line>
            <line>
              <![CDATA[Update status Option 4 More quote function is working fine]]>
            </line>
          </reporter-output>
        </test-method> <!-- Update3n4 -->
        <test-method status="PASS" signature="teardown(org.testng.ITestResult)[pri:0, instance:testcases.A3_UpdateStatus_option3rdn4th@ae45eb6]" name="teardown" is-config="true" duration-ms="1" started-at="2017-07-07T14:22:02Z" finished-at="2017-07-07T14:22:02Z">
          <params>
            <param index="0">
              <value>
                <![CDATA[[TestResult name=Update3n4 status=SUCCESS method=A3_UpdateStatus_option3rdn4th.Update3n4()[pri:0, instance:testcases.A3_UpdateStatus_option3rdn4th@ae45eb6] output=Lead posted and thank you message is display]]]>
              </value>
            </param>
          </params>
          <reporter-output>
          </reporter-output>
        </test-method> <!-- teardown -->
        <test-method status="PASS" signature="close()[pri:0, instance:testcases.A3_UpdateStatus_option3rdn4th@ae45eb6]" name="close" is-config="true" duration-ms="813" started-at="2017-07-07T14:22:02Z" finished-at="2017-07-07T14:22:03Z">
          <reporter-output>
          </reporter-output>
        </test-method> <!-- close -->
      </class> <!-- testcases.A3_UpdateStatus_option3rdn4th -->
      <class name="testcases.A3_UpdateStatus_option5">
        <test-method status="PASS" signature="Update5()[pri:0, instance:testcases.A3_UpdateStatus_option5@59f99ea]" name="Update5" duration-ms="29837" started-at="2017-07-07T14:22:03Z" finished-at="2017-07-07T14:22:33Z">
          <reporter-output>
            <line>
              <![CDATA[Lead posted and thank you message is display]]>
            </line>
            <line>
              <![CDATA[LCF to Dashboard navgation is succesful]]>
            </line>
            <line>
              <![CDATA[Update status Option 5 Postpond need function is working fine]]>
            </line>
          </reporter-output>
        </test-method> <!-- Update5 -->
        <test-method status="PASS" signature="teardown(org.testng.ITestResult)[pri:0, instance:testcases.A3_UpdateStatus_option5@59f99ea]" name="teardown" is-config="true" duration-ms="0" started-at="2017-07-07T14:22:33Z" finished-at="2017-07-07T14:22:33Z">
          <params>
            <param index="0">
              <value>
                <![CDATA[[TestResult name=Update5 status=SUCCESS method=A3_UpdateStatus_option5.Update5()[pri:0, instance:testcases.A3_UpdateStatus_option5@59f99ea] output=Lead posted and thank you message is display]]]>
              </value>
            </param>
          </params>
          <reporter-output>
          </reporter-output>
        </test-method> <!-- teardown -->
        <test-method status="PASS" signature="close()[pri:0, instance:testcases.A3_UpdateStatus_option5@59f99ea]" name="close" is-config="true" duration-ms="825" started-at="2017-07-07T14:22:33Z" finished-at="2017-07-07T14:22:34Z">
          <reporter-output>
          </reporter-output>
        </test-method> <!-- close -->
      </class> <!-- testcases.A3_UpdateStatus_option5 -->
      <class name="testcases.A3_UpdateStatus_option6thn7th">
        <test-method status="PASS" signature="Update7n6()[pri:0, instance:testcases.A3_UpdateStatus_option6thn7th@27efef64]" name="Update7n6" duration-ms="52579" started-at="2017-07-07T14:22:34Z" finished-at="2017-07-07T14:23:26Z">
          <reporter-output>
            <line>
              <![CDATA[Lead posted and thank you message is display]]>
            </line>
            <line>
              <![CDATA[LCF to Dashboard navgation is succesful]]>
            </line>
            <line>
              <![CDATA[Update status Option 7 Other function is working fine]]>
            </line>
            <line>
              <![CDATA[Update status Option 6 User cancel need function is working fine]]>
            </line>
          </reporter-output>
        </test-method> <!-- Update7n6 -->
        <test-method status="PASS" signature="teardown(org.testng.ITestResult)[pri:0, instance:testcases.A3_UpdateStatus_option6thn7th@27efef64]" name="teardown" is-config="true" duration-ms="0" started-at="2017-07-07T14:23:26Z" finished-at="2017-07-07T14:23:26Z">
          <params>
            <param index="0">
              <value>
                <![CDATA[[TestResult name=Update7n6 status=SUCCESS method=A3_UpdateStatus_option6thn7th.Update7n6()[pri:0, instance:testcases.A3_UpdateStatus_option6thn7th@27efef64] output=Lead posted and thank you message is display]]]>
              </value>
            </param>
          </params>
          <reporter-output>
          </reporter-output>
        </test-method> <!-- teardown -->
        <test-method status="PASS" signature="close()[pri:0, instance:testcases.A3_UpdateStatus_option6thn7th@27efef64]" name="close" is-config="true" duration-ms="783" started-at="2017-07-07T14:23:26Z" finished-at="2017-07-07T14:23:27Z">
          <reporter-output>
          </reporter-output>
        </test-method> <!-- close -->
      </class> <!-- testcases.A3_UpdateStatus_option6thn7th -->
    </test> <!-- UpdateStatus_Functionlity -->
  </suite> <!-- Suite -->
</testng-results>
